<?xml version="1.0" encoding="UTF-8"?>
<!-- Generated by org.testng.reporters.JUnitXMLReporter -->
<testsuite ignored="0" hostname="ANIL" failures="0" tests="5" name="Default test" time="17.848" errors="0" timestamp="2023-07-17T13:08:24 IST">
  <testcase classname="testng.dp" name="page" time="0.387"/>
  <testcase classname="testng.dp" name="page" time="2.347"/>
  <testcase classname="testng.dp" name="page" time="1.682"/>
  <testcase classname="testng.dp" name="page" time="1.911"/>
  <testcase classname="testng.dp" name="page" time="1.464"/>
</testsuite> <!-- Default test -->
