<?xml version="1.0" encoding="UTF-8"?>
<!-- Generated by org.testng.reporters.JUnitXMLReporter -->
<testsuite ignored="0" hostname="ANIL" failures="2" tests="10" name="Test" time="0.183" errors="0" timestamp="2023-07-21T13:48:37 IST">
  <testcase classname="failedtestcases.test1" name="demo1" time="0.027">
    <skipped/>
  </testcase> <!-- demo1 -->
  <testcase classname="failedtestcases.test1" name="demo1" time="0.006">
    <skipped/>
  </testcase> <!-- demo1 -->
  <testcase classname="failedtestcases.test1" name="demo1" time="0.004">
    <skipped/>
  </testcase> <!-- demo1 -->
  <testcase classname="failedtestcases.test1" name="demo1" time="0.002">
    <failure type="java.lang.AssertionError" message="expected [true] but found [false]">
      <![CDATA[java.lang.AssertionError: expected [true] but found [false]
at failedtestcases.test1.demo1(test1.java:12)
at java.base/java.util.ArrayList.forEach(ArrayList.java:1511)
... Removed 31 stack frames]]>
    </failure>
  </testcase> <!-- demo1 -->
  <testcase classname="failedtestcases.test1" name="demo2" time="0.004"/>
  <testcase classname="failedtestcases.test1" name="demo3" time="0.013"/>
  <testcase classname="failedtestcases.test1" name="demo4" time="0.004">
    <skipped/>
  </testcase> <!-- demo4 -->
  <testcase classname="failedtestcases.test1" name="demo4" time="0.003">
    <skipped/>
  </testcase> <!-- demo4 -->
  <testcase classname="failedtestcases.test1" name="demo4" time="0.004">
    <skipped/>
  </testcase> <!-- demo4 -->
  <testcase classname="failedtestcases.test1" name="demo4" time="0.003">
    <failure type="java.lang.AssertionError" message="expected [true] but found [false]">
      <![CDATA[java.lang.AssertionError: expected [true] but found [false]
at failedtestcases.test1.demo4(test1.java:32)
at java.base/java.util.ArrayList.forEach(ArrayList.java:1511)
... Removed 31 stack frames]]>
    </failure>
  </testcase> <!-- demo4 -->
</testsuite> <!-- Test -->
