<?xml version="1.0" encoding="UTF-8"?>
<testng-results ignored="0" total="1" passed="1" failed="0" skipped="0">
  <reporter-output>
  </reporter-output>
  <suite started-at="2023-07-29T16:49:44 IST" name="Default suite" finished-at="2023-07-29T16:49:50 IST" duration-ms="6289">
    <groups>
    </groups>
    <test started-at="2023-07-29T16:49:44 IST" name="Default test" finished-at="2023-07-29T16:49:50 IST" duration-ms="6289">
      <class name="testclass_package.login_test_class">
        <test-method is-config="true" signature="openpage()[pri:0, instance:testclass_package.login_test_class@793f29ff]" started-at="2023-07-29T16:49:44 IST" name="openpage" finished-at="2023-07-29T16:49:49 IST" duration-ms="5245" status="PASS">
          <reporter-output>
          </reporter-output>
        </test-method> <!-- openpage -->
        <test-method signature="login()[pri:0, instance:testclass_package.login_test_class@793f29ff]" started-at="2023-07-29T16:49:49 IST" name="login" finished-at="2023-07-29T16:49:50 IST" duration-ms="613" status="PASS">
          <reporter-output>
          </reporter-output>
        </test-method> <!-- login -->
        <test-method is-config="true" signature="closepage()[pri:0, instance:testclass_package.login_test_class@793f29ff]" started-at="2023-07-29T16:49:50 IST" name="closepage" finished-at="2023-07-29T16:49:50 IST" duration-ms="343" status="PASS">
          <reporter-output>
          </reporter-output>
        </test-method> <!-- closepage -->
      </class> <!-- testclass_package.login_test_class -->
    </test> <!-- Default test -->
  </suite> <!-- Default suite -->
</testng-results>
