<?xml version="1.0" encoding="UTF-8"?>
<!-- Generated by org.testng.reporters.JUnitXMLReporter -->
<testsuite ignored="0" hostname="ANIL" failures="0" tests="6" name="Test" time="28.587" errors="0" timestamp="2023-07-29T16:28:41 IST">
  <testcase classname="testclass_package.login_test_class_for_excel_data" name="login" time="0.426"/>
  <testcase classname="testclass_package.login_test_class_for_excel_data" name="login" time="0.366"/>
  <testcase classname="testclass_package.login_test_class_for_excel_data" name="login" time="0.334"/>
  <testcase classname="testclass_package.login_test_class_for_excel_data" name="login" time="0.285"/>
  <testcase classname="testclass_package.login_test_class_for_excel_data" name="login" time="0.323"/>
  <testcase classname="testclass_package.login_test_class_for_excel_data" name="login" time="0.259"/>
</testsuite> <!-- Test -->
